<?xml version="1.0" encoding="UTF-8"?>
<!-- Generated by org.testng.reporters.JUnitReportReporter -->
<testsuite hostname="LAPTOP-ER8E34F9" failures="0" tests="3" name="testingdiscussion.TestCase" time="0.010" errors="0" timestamp="2021-12-20T19:39:37 IST" skipped="0">
  <testcase classname="testingdiscussion.TestCase" name="egg" time="0.001"/>
  <system-out/>
  <testcase classname="testingdiscussion.TestCase" name="car" time="0.008"/>
  <system-out/>
  <testcase classname="testingdiscussion.TestCase" name="home" time="0.001"/>
  <system-out/>
</testsuite> <!-- testingdiscussion.TestCase -->
