<?xml version="1.0" encoding="UTF-8"?>
<!-- Generated by org.testng.reporters.JUnitReportReporter -->
<testsuite hostname="LAPTOP-ER8E34F9" failures="0" tests="4" name="testingdiscussion.PriorityOfTestCase" time="0.009" errors="0" timestamp="2021-12-22T20:28:38 IST" skipped="0">
  <testcase classname="testingdiscussion.PriorityOfTestCase" name="zoo" time="0.002"/>
  <system-out/>
  <testcase classname="testingdiscussion.PriorityOfTestCase" name="van" time="0.003"/>
  <system-out/>
  <testcase classname="testingdiscussion.PriorityOfTestCase" name="home" time="0.002"/>
  <system-out/>
  <testcase classname="testingdiscussion.PriorityOfTestCase" name="egg" time="0.002"/>
  <system-out/>
</testsuite> <!-- testingdiscussion.PriorityOfTestCase -->
