<?xml version="1.0" encoding="UTF-8"?>
<!-- Generated by org.testng.reporters.JUnitReportReporter -->
<testsuite hostname="LAPTOP-ER8E34F9" failures="0" tests="1" name="testingdiscussion.ParametersInTestNG" time="0.010" errors="0" timestamp="2021-12-29T20:46:54 IST" skipped="0">
  <testcase classname="testingdiscussion.ParametersInTestNG" name="launchBrowser" time="0.010"/>
  <system-out/>
</testsuite> <!-- testingdiscussion.ParametersInTestNG -->
