<?xml version="1.0" encoding="UTF-8"?>
<!-- Generated by org.testng.reporters.JUnitReportReporter -->
<testsuite hostname="LAPTOP-ER8E34F9" failures="0" tests="4" name="testingdiscussion.EveninPractice" time="0.026" errors="0" timestamp="2021-12-22T20:28:38 IST" skipped="0">
  <testcase classname="testingdiscussion.EveninPractice" name="scooty" time="0.019"/>
  <system-out>
    <![CDATA[scooty Test case]]>
  </system-out>
  <testcase classname="testingdiscussion.EveninPractice" name="car" time="0.002"/>
  <system-out>
    <![CDATA[car Test case]]>
  </system-out>
  <testcase classname="testingdiscussion.EveninPractice" name="car" time="0.003"/>
  <system-out>
    <![CDATA[car Test case]]>
  </system-out>
  <testcase classname="testingdiscussion.EveninPractice" name="bike" time="0.002"/>
  <system-out>
    <![CDATA[bike Test case]]>
  </system-out>
</testsuite> <!-- testingdiscussion.EveninPractice -->
