<?xml version="1.0" encoding="UTF-8"?>
<!-- Generated by org.testng.reporters.JUnitReportReporter -->
<testsuite hostname="LAPTOP-ER8E34F9" failures="0" tests="2" name="testingdiscussion.InvocationCountKeyword" time="0.015" errors="0" timestamp="2021-12-25T19:48:04 IST" skipped="0">
  <testcase classname="testingdiscussion.InvocationCountKeyword" name="home" time="0.012"/>
  <system-out/>
  <testcase classname="testingdiscussion.InvocationCountKeyword" name="home" time="0.003"/>
  <system-out/>
</testsuite> <!-- testingdiscussion.InvocationCountKeyword -->
