<?xml version="1.0" encoding="UTF-8"?>
<!-- Generated by org.testng.reporters.JUnitReportReporter -->
<testsuite hostname="LAPTOP-ER8E34F9" failures="0" tests="4" name="testingdiscussion.ParallelTescases" time="51.054" errors="0" timestamp="2021-12-29T21:17:44 IST" skipped="0">
  <testcase classname="testingdiscussion.ParallelTescases" name="google" time="9.900"/>
  <system-out/>
  <testcase classname="testingdiscussion.ParallelTescases" name="insta" time="12.008"/>
  <system-out/>
  <testcase classname="testingdiscussion.ParallelTescases" name="flipkart" time="17.719"/>
  <system-out/>
  <testcase classname="testingdiscussion.ParallelTescases" name="facebook" time="11.427"/>
  <system-out/>
</testsuite> <!-- testingdiscussion.ParallelTescases -->
