<?xml version="1.0" encoding="UTF-8"?>
<!-- Generated by org.testng.reporters.JUnitReportReporter -->
<testsuite hostname="LAPTOP-ER8E34F9" failures="0" tests="1" name="pomTest.LoginTest" time="0.635" errors="0" timestamp="2022-01-02T14:10:02 IST" skipped="0">
  <testcase classname="pomTest.LoginTest" name="loginToApp" time="0.635"/>
  <system-out/>
</testsuite> <!-- pomTest.LoginTest -->
