<?xml version="1.0" encoding="UTF-8"?>
<!-- Generated by org.testng.reporters.JUnitReportReporter -->
<testsuite hostname="LAPTOP-ER8E34F9" failures="0" tests="1" name="testingdiscussion.Annotations" time="8.190" errors="0" timestamp="2021-12-24T11:39:18 IST" skipped="0">
  <testcase classname="testingdiscussion.Annotations" name="lunch" time="8.190"/>
  <system-out/>
</testsuite> <!-- testingdiscussion.Annotations -->
