<?xml version="1.0" encoding="UTF-8"?>
<!-- Generated by org.testng.reporters.JUnitReportReporter -->
<testsuite hostname="LAPTOP-ER8E34F9" failures="0" tests="2" name="testingdiscussion.PracticeSoftAssert2" time="0.002" errors="0" timestamp="2021-12-28T20:37:23 IST" skipped="1">
  <testcase classname="testingdiscussion.PracticeSoftAssert2" name="testCase3" time="0.000">
    <skipped/>
  </testcase> <!-- testCase3 -->
  <system-out/>
  <testcase classname="testingdiscussion.PracticeSoftAssert2" name="testCase2" time="0.002"/>
  <system-out>
    <![CDATA[First line
second line
Third line]]>
  </system-out>
</testsuite> <!-- testingdiscussion.PracticeSoftAssert2 -->
