<?xml version="1.0" encoding="UTF-8"?>
<!-- Generated by org.testng.reporters.JUnitReportReporter -->
<testsuite hostname="LAPTOP-ER8E34F9" failures="0" tests="1" name="testingdiscussion.DPTest" time="0.000" errors="0" timestamp="2022-01-07T22:47:01 IST" skipped="1">
  <testcase classname="testingdiscussion.DPTest" name="testCase" time="0.000">
    <skipped/>
  </testcase> <!-- testCase -->
  <system-out/>
</testsuite> <!-- testingdiscussion.DPTest -->
