<?xml version="1.0" encoding="UTF-8"?>
<!-- Generated by org.testng.reporters.JUnitReportReporter -->
<testsuite hostname="LAPTOP-ER8E34F9" failures="0" tests="2" name="testingdiscussion.ParallelExecutionAndParameterOfBrowsers" time="5.265" errors="0" timestamp="2021-12-29T21:08:30 IST" skipped="0">
  <testcase classname="testingdiscussion.ParallelExecutionAndParameterOfBrowsers" name="testcase1" time="0.014"/>
  <system-out/>
  <testcase classname="testingdiscussion.ParallelExecutionAndParameterOfBrowsers" name="launchBrowser" time="5.251"/>
  <system-out/>
</testsuite> <!-- testingdiscussion.ParallelExecutionAndParameterOfBrowsers -->
